2017/10/07 21:00:19 `cfdr la:43.126112,lo:141.430897,a:11.2`
2017/10/07 21:00:19 `osc_send "localhost",4558,"/buffer/replace","workspace_one","# 20171007 210019.935\ncfdr la:43.126112,lo:141.430897,a:11.2",0,0,0`
2017/10/07 21:06:36 `cps 0.8`
2017/10/07 21:06:36 `osc_send "localhost",4558,"/buffer/replace","workspace_one","# 20171007 210636.754\ncps 0.8",0,0,0`
2017/10/07 21:07:02 `with_fx :echo do synth :dpulse, note: :c6, amp:0.5, release: 0.125 end`
2017/10/07 21:07:02 `osc_send "localhost",4558,"/buffer/replace","workspace_one","# 20171007 210702.509\nwith_fx :echo do synth :dpulse, note: :c6, amp:0.5, release: 0.125 end",0,0,0`
2017/10/07 21:07:24 `cfdr la:43.136704,lo:141.431322,a:492.1`
2017/10/07 21:07:24 `osc_send "localhost",4558,"/buffer/replace","workspace_one","# 20171007 210724.157\ncfdr la:43.136704,lo:141.431322,a:492.1",0,0,0`
2017/10/07 21:07:29 `d1'v*5 v*3',n:'irand 6',rate:'irand 1 4'`
2017/10/07 21:07:29 `osc_send "localhost",4558,"/buffer/replace","workspace_one","# 20171007 210729.157\nd1'v*5 v*3',n:'irand 6',rate:'irand 1 4'",0,0,0`
2017/10/07 21:07:38 `cps 0.8`
2017/10/07 21:07:38 `osc_send "localhost",4558,"/buffer/replace","workspace_one","# 20171007 210738.170\ncps 0.8",0,0,0`
2017/10/07 21:07:54 `cfdr la:43.140385,lo:141.430760,a:600.7`
2017/10/07 21:07:54 `osc_send "localhost",4558,"/buffer/replace","workspace_one","# 20171007 210754.163\ncfdr la:43.140385,lo:141.430760,a:600.7",0,0,0`
2017/10/07 21:08:20 `cfdr la:43.143971,lo:141.430051,a:716.6`
2017/10/07 21:08:20 `osc_send "localhost",4558,"/buffer/replace","workspace_one","# 20171007 210820.465\ncfdr la:43.143971,lo:141.430051,a:716.6",0,0,0`
2017/10/07 21:08:45 `d1'v*4 e*7',n:'1',rate:'irand 1 4'`
2017/10/07 21:08:45 `osc_send "localhost",4558,"/buffer/replace","workspace_one","# 20171007 210845.302\nd1'v*4 e*7',n:'1',rate:'irand 1 4'",0,0,0`
2017/10/07 21:08:50 `cfdr la:43.147721,lo:141.429426,a:807.5`
2017/10/07 21:08:50 `osc_send "localhost",4558,"/buffer/replace","workspace_one","# 20171007 210850.468\ncfdr la:43.147721,lo:141.429426,a:807.5",0,0,0`
2017/10/07 21:08:55 `d1'e*2 v*7',n:'irand 8',rate:'irand 1 2'`
2017/10/07 21:08:55 `osc_send "localhost",4558,"/buffer/replace","workspace_one","# 20171007 210855.469\nd1'e*2 v*7',n:'irand 8',rate:'irand 1 2'",0,0,0`
2017/10/07 21:09:05 `with_fx :echo do synth :dpulse, note: :c6, amp:0.5, release: 0.125 end`
2017/10/07 21:09:05 `osc_send "localhost",4558,"/buffer/replace","workspace_one","# 20171007 210905.049\nwith_fx :echo do synth :dpulse, note: :c6, amp:0.5, release: 0.125 end",0,0,0`
2017/10/07 21:09:11 `d1'e*4 e*2',n:'irand 8',rate:'irand 1 4'`
2017/10/07 21:09:11 `osc_send "localhost",4558,"/buffer/replace","workspace_one","# 20171007 210911.696\nd1'e*4 e*2',n:'irand 8',rate:'irand 1 4'",0,0,0`
2017/10/07 21:09:31 `cfdr la:43.152626,lo:141.428902,a:933.5`
2017/10/07 21:09:31 `osc_send "localhost",4558,"/buffer/replace","workspace_one","# 20171007 210931.696\ncfdr la:43.152626,lo:141.428902,a:933.5",0,0,0`
2017/10/07 21:09:46 `cfdr la:43.153853,lo:141.428773,a:966.6`
2017/10/07 21:09:46 `osc_send "localhost",4558,"/buffer/replace","workspace_one","# 20171007 210946.697\ncfdr la:43.153853,lo:141.428773,a:966.6",0,0,0`
2017/10/07 21:09:51 `cfdr la:43.155027,lo:141.428618,a:1003.1`
2017/10/07 21:09:51 `osc_send "localhost",4558,"/buffer/replace","workspace_one","# 20171007 210951.699\ncfdr la:43.155027,lo:141.428618,a:1003.1",0,0,0`
2017/10/07 21:10:23 `cfdr la:43.158617,lo:141.428260,a:1087.4`
2017/10/07 21:10:23 `osc_send "localhost",4558,"/buffer/replace","workspace_one","# 20171007 211023.036\ncfdr la:43.158617,lo:141.428260,a:1087.4",0,0,0`
2017/10/07 21:10:43 `d1'v*4 e*4',n:'irand 2',rate:'irand 1 3'`
2017/10/07 21:10:43 `osc_send "localhost",4558,"/buffer/replace","workspace_one","# 20171007 211043.038\nd1'v*4 e*4',n:'irand 2',rate:'irand 1 3'",0,0,0`
2017/10/07 21:11:14 `d1'v*4 e*6',n:'irand',rate:'irand 1 3'`
2017/10/07 21:11:14 `osc_send "localhost",4558,"/buffer/replace","workspace_one","# 20171007 211114.453\nd1'v*4 e*6',n:'irand',rate:'irand 1 3'",0,0,0`
2017/10/07 21:11:24 `cfdr la:43.165552,lo:141.427490,a:1287.4`
2017/10/07 21:11:24 `osc_send "localhost",4558,"/buffer/replace","workspace_one","# 20171007 211124.454\ncfdr la:43.165552,lo:141.427490,a:1287.4",0,0,0`
2017/10/07 21:11:29 `d1'e*3 v*5',n:'irand 8',rate:'irand 1 3'`
2017/10/07 21:11:29 `osc_send "localhost",4558,"/buffer/replace","workspace_one","# 20171007 211129.454\nd1'e*3 v*5',n:'irand 8',rate:'irand 1 3'",0,0,0`
2017/10/07 21:12:09 `with_fx :echo do synth :dpulse, note: :c6, amp:0.5, release: 0.125 end`
2017/10/07 21:12:09 `osc_send "localhost",4558,"/buffer/replace","workspace_one","# 20171007 211209.009\nwith_fx :echo do synth :dpulse, note: :c6, amp:0.5, release: 0.125 end",0,0,0`
2017/10/07 21:12:40 `cfdr la:43.172492,lo:141.427454,a:1584.4`
2017/10/07 21:12:40 `osc_send "localhost",4558,"/buffer/replace","workspace_one","# 20171007 211240.658\ncfdr la:43.172492,lo:141.427454,a:1584.4",0,0,0`
2017/10/07 21:14:11 `with_fx :echo do synth :dpulse, note: :c6, amp:0.5, release: 0.125 end`
2017/10/07 21:14:11 `osc_send "localhost",4558,"/buffer/replace","workspace_one","# 20171007 211411.738\nwith_fx :echo do synth :dpulse, note: :c6, amp:0.5, release: 0.125 end",0,0,0`
2017/10/07 21:14:48 `d1'v*5 v*6',n:'3',rate:'irand -3 -1'`
2017/10/07 21:14:48 `osc_send "localhost",4558,"/buffer/replace","workspace_one","# 20171007 211448.232\nd1'v*5 v*6',n:'3',rate:'irand -3 -1'",0,0,0`
2017/10/07 21:14:53 `cfdr la:43.177734,lo:141.429107,a:2093.9`
2017/10/07 21:14:53 `osc_send "localhost",4558,"/buffer/replace","workspace_one","# 20171007 211453.397\ncfdr la:43.177734,lo:141.429107,a:2093.9",0,0,0`
2017/10/07 21:15:03 `cfdr la:43.177816,lo:141.429229,a:2126.2`
2017/10/07 21:15:03 `osc_send "localhost",4558,"/buffer/replace","workspace_one","# 20171007 211503.398\ncfdr la:43.177816,lo:141.429229,a:2126.2",0,0,0`
2017/10/07 21:15:12 `with_fx :echo do synth :dpulse, note: :c6, amp:0.5, release: 0.125 end`
2017/10/07 21:15:12 `osc_send "localhost",4558,"/buffer/replace","workspace_one","# 20171007 211512.945\nwith_fx :echo do synth :dpulse, note: :c6, amp:0.5, release: 0.125 end",0,0,0`
2017/10/07 21:15:33 `cps 0.5`
2017/10/07 21:15:33 `osc_send "localhost",4558,"/buffer/replace","workspace_one","# 20171007 211533.438\ncps 0.5",0,0,0`
2017/10/07 21:15:54 `d1'e*4 e*6',n:'7',rate:'irand -3 -1'`
2017/10/07 21:15:54 `osc_send "localhost",4558,"/buffer/replace","workspace_one","# 20171007 211554.592\nd1'e*4 e*6',n:'7',rate:'irand -3 -1'",0,0,0`
2017/10/07 21:16:45 `cfdr la:43.176851,lo:141.429419,a:2418.6`
2017/10/07 21:16:45 `osc_send "localhost",4558,"/buffer/replace","workspace_one","# 20171007 211645.808\ncfdr la:43.176851,lo:141.429419,a:2418.6",0,0,0`
2017/10/07 21:16:55 `d1'v*5 v*4',n:'irand',rate:'irand -3 -1'`
2017/10/07 21:16:55 `osc_send "localhost",4558,"/buffer/replace","workspace_one","# 20171007 211655.811\nd1'v*5 v*4',n:'irand',rate:'irand -3 -1'",0,0,0`
2017/10/07 21:17:00 `cfdr la:43.176132,lo:141.430097,a:2490.5`
2017/10/07 21:17:00 `osc_send "localhost",4558,"/buffer/replace","workspace_one","# 20171007 211700.810\ncfdr la:43.176132,lo:141.430097,a:2490.5",0,0,0`
2017/10/07 21:17:57 `cfdr la:43.173269,lo:141.432568,a:2707.7`
2017/10/07 21:17:57 `osc_send "localhost",4558,"/buffer/replace","workspace_one","# 20171007 211757.295\ncfdr la:43.173269,lo:141.432568,a:2707.7",0,0,0`
2017/10/07 21:18:02 `d1'e*2 e*6',n:'0',rate:'irand 1 3'`
2017/10/07 21:18:02 `osc_send "localhost",4558,"/buffer/replace","workspace_one","# 20171007 211802.131\nd1'e*2 e*6',n:'0',rate:'irand 1 3'",0,0,0`
2017/10/07 21:18:16 `with_fx :echo do synth :dpulse, note: :c6, amp:0.5, release: 0.125 end`
2017/10/07 21:18:16 `osc_send "localhost",4558,"/buffer/replace","workspace_one","# 20171007 211816.901\nwith_fx :echo do synth :dpulse, note: :c6, amp:0.5, release: 0.125 end",0,0,0`
2017/10/07 21:18:28 `cfdr la:43.171455,lo:141.433677,a:2799.2`
2017/10/07 21:18:28 `osc_send "localhost",4558,"/buffer/replace","workspace_one","# 20171007 211828.548\ncfdr la:43.171455,lo:141.433677,a:2799.2",0,0,0`
2017/10/07 21:18:58 `cfdr la:43.169822,lo:141.434762,a:2888.5`
2017/10/07 21:18:58 `osc_send "localhost",4558,"/buffer/replace","workspace_one","# 20171007 211858.552\ncfdr la:43.169822,lo:141.434762,a:2888.5",0,0,0`
2017/10/07 21:19:44 `d1'e*5 v*3',n:'irand',rate:'irand -2 -1'`
2017/10/07 21:19:44 `osc_send "localhost",4558,"/buffer/replace","workspace_one","# 20171007 211944.775\nd1'e*5 v*3',n:'irand',rate:'irand -2 -1'",0,0,0`
2017/10/07 21:19:54 `d1'v*4 e*2',n:'irand',rate:'irand 1 4'`
2017/10/07 21:19:54 `osc_send "localhost",4558,"/buffer/replace","workspace_one","# 20171007 211954.776\nd1'v*4 e*2',n:'irand',rate:'irand 1 4'",0,0,0`
2017/10/07 21:20:09 `cfdr la:43.167251,lo:141.436711,a:3103.7`
2017/10/07 21:20:09 `osc_send "localhost",4558,"/buffer/replace","workspace_one","# 20171007 212009.778\ncfdr la:43.167251,lo:141.436711,a:3103.7",0,0,0`
2017/10/07 21:20:26 `cfdr la:43.166658,lo:141.437091,a:3163.6`
2017/10/07 21:20:26 `osc_send "localhost",4558,"/buffer/replace","workspace_one","# 20171007 212026.291\ncfdr la:43.166658,lo:141.437091,a:3163.6",0,0,0`
2017/10/07 21:21:11 `cfdr la:43.165652,lo:141.437636,a:3279.4`
2017/10/07 21:21:11 `osc_send "localhost",4558,"/buffer/replace","workspace_one","# 20171007 212111.295\ncfdr la:43.165652,lo:141.437636,a:3279.4",0,0,0`
2017/10/07 21:21:31 `cps 0.5`
2017/10/07 21:21:31 `osc_send "localhost",4558,"/buffer/replace","workspace_one","# 20171007 212131.354\ncps 0.5",0,0,0`
2017/10/07 21:22:02 `d1'v*5 e*2',n:'irand 8',rate:'irand -4 -1'`
2017/10/07 21:22:02 `osc_send "localhost",4558,"/buffer/replace","workspace_one","# 20171007 212202.673\nd1'v*5 e*2',n:'irand 8',rate:'irand -4 -1'",0,0,0`
2017/10/07 21:22:32 `cps 0.5`
2017/10/07 21:22:32 `osc_send "localhost",4558,"/buffer/replace","workspace_one","# 20171007 212232.570\ncps 0.5",0,0,0`
2017/10/07 21:23:25 `cfdr la:43.162249,lo:141.441236,a:3686.4`
2017/10/07 21:23:25 `osc_send "localhost",4558,"/buffer/replace","workspace_one","# 20171007 212325.035\ncfdr la:43.162249,lo:141.441236,a:3686.4",0,0,0`
2017/10/07 21:23:55 `d1'v*5 v*5',n:'irand 8',rate:'irand 1 3'`
2017/10/07 21:23:55 `osc_send "localhost",4558,"/buffer/replace","workspace_one","# 20171007 212355.038\nd1'v*5 v*5',n:'irand 8',rate:'irand 1 3'",0,0,0`
2017/10/07 21:24:36 `d1'e*3 e*3',n:'irand 2',rate:'irand -2 -1'`
2017/10/07 21:24:36 `osc_send "localhost",4558,"/buffer/replace","workspace_one","# 20171007 212436.562\nd1'e*3 e*3',n:'irand 2',rate:'irand -2 -1'",0,0,0`
2017/10/07 21:27:45 `d1'e*3 e*3',n:'irand',rate:'irand -4 -1'`
2017/10/07 21:27:45 `osc_send "localhost",4558,"/buffer/replace","workspace_one","# 20171007 212745.377\nd1'e*3 e*3',n:'irand',rate:'irand -4 -1'",0,0,0`
2017/10/07 21:27:50 `cfdr la:43.152429,lo:141.467792,a:4518.5`
2017/10/07 21:27:50 `osc_send "localhost",4558,"/buffer/replace","workspace_one","# 20171007 212750.375\ncfdr la:43.152429,lo:141.467792,a:4518.5",0,0,0`
2017/10/07 21:28:46 `cfdr la:43.151004,lo:141.474789,a:4737.6`
2017/10/07 21:28:46 `osc_send "localhost",4558,"/buffer/replace","workspace_one","# 20171007 212846.580\ncfdr la:43.151004,lo:141.474789,a:4737.6",0,0,0`
2017/10/07 21:29:11 `cfdr la:43.150881,lo:141.476843,a:4808.6`
2017/10/07 21:29:11 `osc_send "localhost",4558,"/buffer/replace","workspace_one","# 20171007 212911.581\ncfdr la:43.150881,lo:141.476843,a:4808.6",0,0,0`
2017/10/07 21:29:57 `cfdr la:43.150413,lo:141.482184,a:4964.0`
2017/10/07 21:29:57 `osc_send "localhost",4558,"/buffer/replace","workspace_one","# 20171007 212957.848\ncfdr la:43.150413,lo:141.482184,a:4964.0",0,0,0`
2017/10/07 21:30:22 `cfdr la:43.150126,lo:141.484356,a:5018.6`
2017/10/07 21:30:22 `osc_send "localhost",4558,"/buffer/replace","workspace_one","# 20171007 213022.850\ncfdr la:43.150126,lo:141.484356,a:5018.6",0,0,0`
2017/10/07 21:30:34 `d1'e*2 v*8',n:'irand',rate:'irand -3 -1'`
2017/10/07 21:30:34 `osc_send "localhost",4558,"/buffer/replace","workspace_one","# 20171007 213034.298\nd1'e*2 v*8',n:'irand',rate:'irand -3 -1'",0,0,0`
2017/10/07 21:30:54 `d1'v*5 v*2',n:'irand 1',rate:'irand 1 3'`
2017/10/07 21:30:54 `osc_send "localhost",4558,"/buffer/replace","workspace_one","# 20171007 213054.300\nd1'v*5 v*2',n:'irand 1',rate:'irand 1 3'",0,0,0`
2017/10/07 21:32:51 `d1'v*5 e*7',n:'3',rate:'irand 1 3'`
2017/10/07 21:32:51 `osc_send "localhost",4558,"/buffer/replace","workspace_one","# 20171007 213251.566\nd1'v*5 e*7',n:'3',rate:'irand 1 3'",0,0,0`
2017/10/07 21:33:26 `d1'e*2 e*8',n:'irand 8',rate:'irand 1 4'`
2017/10/07 21:33:26 `osc_send "localhost",4558,"/buffer/replace","workspace_one","# 20171007 213326.735\nd1'e*2 e*8',n:'irand 8',rate:'irand 1 4'",0,0,0`
2017/10/07 21:33:48 `cfdr la:43.146304,lo:141.510761,a:5692.3`
2017/10/07 21:33:48 `osc_send "localhost",4558,"/buffer/replace","workspace_one","# 20171007 213348.164\ncfdr la:43.146304,lo:141.510761,a:5692.3",0,0,0`
2017/10/07 21:34:13 `d1'v*2 e*7',n:'irand',rate:'irand 1 4'`
2017/10/07 21:34:13 `osc_send "localhost",4558,"/buffer/replace","workspace_one","# 20171007 213413.169\nd1'v*2 e*7',n:'irand',rate:'irand 1 4'",0,0,0`
2017/10/07 21:35:04 `d1'v*3 v*7',n:'1',rate:'irand 1 4'`
2017/10/07 21:35:04 `osc_send "localhost",4558,"/buffer/replace","workspace_one","# 20171007 213504.316\nd1'v*3 v*7',n:'1',rate:'irand 1 4'",0,0,0`
2017/10/07 21:36:47 `cfdr la:43.139247,lo:141.543010,a:6374.1`
2017/10/07 21:36:47 `osc_send "localhost",4558,"/buffer/replace","workspace_one","# 20171007 213647.100\ncfdr la:43.139247,lo:141.543010,a:6374.1",0,0,0`
2017/10/07 21:38:44 `cfdr la:43.134439,lo:141.567842,a:6836.3`
2017/10/07 21:38:44 `osc_send "localhost",4558,"/buffer/replace","workspace_one","# 20171007 213844.687\ncfdr la:43.134439,lo:141.567842,a:6836.3",0,0,0`
2017/10/07 21:43:34 `cfdr la:43.120776,lo:141.626865,a:7932.1`
2017/10/07 21:43:34 `osc_send "localhost",4558,"/buffer/replace","workspace_one","# 20171007 214334.947\ncfdr la:43.120776,lo:141.626865,a:7932.1",0,0,0`
2017/10/07 21:45:32 `cfdr la:43.116107,lo:141.654267,a:8419.3`
2017/10/07 21:45:32 `osc_send "localhost",4558,"/buffer/replace","workspace_one","# 20171007 214532.583\ncfdr la:43.116107,lo:141.654267,a:8419.3",0,0,0`
2017/10/07 21:46:38 `cfdr la:43.112631,lo:141.670327,a:8666.0`
2017/10/07 21:46:38 `osc_send "localhost",4558,"/buffer/replace","workspace_one","# 20171007 214638.837\ncfdr la:43.112631,lo:141.670327,a:8666.0",0,0,0`
2017/10/07 21:48:26 `d1'e*3 e*5',n:'irand 8',rate:'irand -3 -1'`
2017/10/07 21:48:26 `osc_send "localhost",4558,"/buffer/replace","workspace_one","# 20171007 214826.699\nd1'e*3 e*5',n:'irand 8',rate:'irand -3 -1'",0,0,0`
2017/10/07 21:50:58 `with_fx :echo do synth :dpulse, note: :c6, amp:0.5, release: 0.125 end`
2017/10/07 21:50:58 `osc_send "localhost",4558,"/buffer/replace","workspace_one","# 20171007 215058.835\nwith_fx :echo do synth :dpulse, note: :c6, amp:0.5, release: 0.125 end",0,0,0`
2017/10/07 21:54:43 `cps 0.3`
2017/10/07 21:54:43 `osc_send "localhost",4558,"/buffer/replace","workspace_one","# 20171007 215443.311\ncps 0.3",0,0,0`
2017/10/07 21:57:33 `cfdr la:43.102853,lo:141.828029,a:11296.1`
2017/10/07 21:57:33 `osc_send "localhost",4558,"/buffer/replace","workspace_one","# 20171007 215733.621\ncfdr la:43.102853,lo:141.828029,a:11296.1",0,0,0`
2017/10/07 21:58:08 `with_fx :echo do synth :dpulse, note: :c6, amp:0.5, release: 0.125 end`
2017/10/07 21:58:08 `osc_send "localhost",4558,"/buffer/replace","workspace_one","# 20171007 215808.009\nwith_fx :echo do synth :dpulse, note: :c6, amp:0.5, release: 0.125 end",0,0,0`
2017/10/07 21:59:36 `cfdr la:43.111105,lo:141.871139,a:11730.6`
2017/10/07 21:59:36 `osc_send "localhost",4558,"/buffer/replace","workspace_one","# 20171007 215936.184\ncfdr la:43.111105,lo:141.871139,a:11730.6",0,0,0`
